<?xml version="1.0" encoding="UTF-8"?>
<coverage generated="1702872596888" clover="3.2.0">
  <project timestamp="1702872596888" name="All files">
    <metrics statements="29" coveredstatements="22" conditionals="12" coveredconditionals="5" methods="12" coveredmethods="5" elements="53" coveredelements="32" complexity="0" loc="29" ncloc="29" packages="5" files="7" classes="7"/>
    <package name="config">
      <metrics statements="3" coveredstatements="3" conditionals="2" coveredconditionals="1" methods="0" coveredmethods="0"/>
      <file name="index.js" path="C:\Development\phincon\bootcamp\week5\adam\client\Phincon-goTalent-Frontend\config\index.js">
        <metrics statements="3" coveredstatements="3" conditionals="2" coveredconditionals="1" methods="0" coveredmethods="0"/>
        <line num="5" count="2" type="cond" truecount="1" falsecount="1"/>
        <line num="7" count="2" type="stmt"/>
        <line num="8" count="2" type="stmt"/>
      </file>
      <file name="test.env.js" path="C:\Development\phincon\bootcamp\week5\adam\client\Phincon-goTalent-Frontend\config\test.env.js">
        <metrics statements="0" coveredstatements="0" conditionals="0" coveredconditionals="0" methods="0" coveredmethods="0"/>
      </file>
    </package>
    <package name="src.components.Cards">
      <metrics statements="5" coveredstatements="5" conditionals="4" coveredconditionals="2" methods="2" coveredmethods="2"/>
      <file name="index.jsx" path="C:\Development\phincon\bootcamp\week5\adam\client\Phincon-goTalent-Frontend\src\components\Cards\index.jsx">
        <metrics statements="5" coveredstatements="5" conditionals="4" coveredconditionals="2" methods="2" coveredmethods="2"/>
        <line num="7" count="1" type="stmt"/>
        <line num="8" count="4" type="stmt"/>
        <line num="9" count="4" type="stmt"/>
        <line num="22" count="1" type="stmt"/>
        <line num="31" count="1" type="stmt"/>
      </file>
    </package>
    <package name="src.components.PopupMessage">
      <metrics statements="3" coveredstatements="3" conditionals="4" coveredconditionals="2" methods="1" coveredmethods="1"/>
      <file name="Dialog.jsx" path="C:\Development\phincon\bootcamp\week5\adam\client\Phincon-goTalent-Frontend\src\components\PopupMessage\Dialog.jsx">
        <metrics statements="3" coveredstatements="3" conditionals="4" coveredconditionals="2" methods="1" coveredmethods="1"/>
        <line num="9" count="1" type="stmt"/>
        <line num="10" count="3" type="stmt"/>
        <line num="25" count="1" type="stmt"/>
      </file>
    </package>
    <package name="src.containers.Language">
      <metrics statements="2" coveredstatements="2" conditionals="0" coveredconditionals="0" methods="0" coveredmethods="0"/>
      <file name="constants.js" path="C:\Development\phincon\bootcamp\week5\adam\client\Phincon-goTalent-Frontend\src\containers\Language\constants.js">
        <metrics statements="2" coveredstatements="2" conditionals="0" coveredconditionals="0" methods="0" coveredmethods="0"/>
        <line num="1" count="2" type="stmt"/>
        <line num="2" count="2" type="stmt"/>
      </file>
    </package>
    <package name="src.utils">
      <metrics statements="16" coveredstatements="9" conditionals="2" coveredconditionals="0" methods="9" coveredmethods="2"/>
      <file name="request.js" path="C:\Development\phincon\bootcamp\week5\adam\client\Phincon-goTalent-Frontend\src\utils\request.js">
        <metrics statements="10" coveredstatements="3" conditionals="2" coveredconditionals="0" methods="4" coveredmethods="0"/>
        <line num="5" count="2" type="stmt"/>
        <line num="6" count="0" type="stmt"/>
        <line num="7" count="0" type="stmt"/>
        <line num="8" count="0" type="cond" truecount="0" falsecount="2"/>
        <line num="9" count="0" type="stmt"/>
        <line num="11" count="0" type="stmt"/>
        <line num="14" count="2" type="stmt"/>
        <line num="15" count="0" type="stmt"/>
        <line num="16" count="0" type="stmt"/>
        <line num="19" count="2" type="stmt"/>
      </file>
      <file name="testHelper.js" path="C:\Development\phincon\bootcamp\week5\adam\client\Phincon-goTalent-Frontend\src\utils\testHelper.js">
        <metrics statements="6" coveredstatements="6" conditionals="0" coveredconditionals="0" methods="5" coveredmethods="2"/>
        <line num="13" count="2" type="stmt"/>
        <line num="18" count="2" type="stmt"/>
        <line num="19" count="7" type="stmt"/>
        <line num="26" count="2" type="stmt"/>
        <line num="30" count="7" type="stmt"/>
        <line num="32" count="2" type="stmt"/>
      </file>
    </package>
  </project>
</coverage>
