{"C:\\Development\\phincon\\bootcamp\\week5\\adam\\client\\Phincon-goTalent-Frontend\\config\\index.js": {"path":"C:\\Development\\phincon\\bootcamp\\week5\\adam\\client\\Phincon-goTalent-Frontend\\config\\index.js","statementMap":{"0":{"start":{"line":5,"column":16},"end":{"line":5,"column":53}},"1":{"start":{"line":7,"column":12},"end":{"line":7,"column":54}},"2":{"start":{"line":8,"column":15},"end":{"line":13,"column":1}}},"fnMap":{},"branchMap":{"0":{"loc":{"start":{"line":5,"column":16},"end":{"line":5,"column":53}},"type":"binary-expr","locations":[{"start":{"line":5,"column":16},"end":{"line":5,"column":36}},{"start":{"line":5,"column":40},"end":{"line":5,"column":53}}],"line":5}},"s":{"0":2,"1":2,"2":2},"f":{},"b":{"0":[2,0]},"_coverageSchema":"1a1c01bbd47fc00a2c39e90264f33305004495a9","hash":"f576f30eec32424249cbaed761a7fab1763cdc63"}
,"C:\\Development\\phincon\\bootcamp\\week5\\adam\\client\\Phincon-goTalent-Frontend\\config\\test.env.js": {"path":"C:\\Development\\phincon\\bootcamp\\week5\\adam\\client\\Phincon-goTalent-Frontend\\config\\test.env.js","statementMap":{},"fnMap":{},"branchMap":{},"s":{},"f":{},"b":{},"_coverageSchema":"1a1c01bbd47fc00a2c39e90264f33305004495a9","hash":"d87089f5acc9896b39d9eeb6de60587dfc62ea96"}
,"C:\\Development\\phincon\\bootcamp\\week5\\adam\\client\\Phincon-goTalent-Frontend\\src\\components\\Cards\\index.jsx": {"path":"C:\\Development\\phincon\\bootcamp\\week5\\adam\\client\\Phincon-goTalent-Frontend\\src\\components\\Cards\\index.jsx","statementMap":{"0":{"start":{"line":7,"column":14},"end":{"line":29,"column":1}},"1":{"start":{"line":8,"column":19},"end":{"line":8,"column":32}},"2":{"start":{"line":9,"column":2},"end":{"line":28,"column":4}},"3":{"start":{"line":22,"column":87},"end":{"line":22,"column":113}},"4":{"start":{"line":31,"column":0},"end":{"line":34,"column":2}}},"fnMap":{"0":{"name":"(anonymous_0)","decl":{"start":{"line":7,"column":14},"end":{"line":7,"column":15}},"loc":{"start":{"line":7,"column":34},"end":{"line":29,"column":1}},"line":7},"1":{"name":"(anonymous_1)","decl":{"start":{"line":22,"column":81},"end":{"line":22,"column":82}},"loc":{"start":{"line":22,"column":87},"end":{"line":22,"column":113}},"line":22}},"branchMap":{"0":{"loc":{"start":{"line":10,"column":40},"end":{"line":10,"column":111}},"type":"cond-expr","locations":[{"start":{"line":10,"column":59},"end":{"line":10,"column":71}},{"start":{"line":10,"column":74},"end":{"line":10,"column":111}}],"line":10},"1":{"loc":{"start":{"line":21,"column":9},"end":{"line":25,"column":9}},"type":"cond-expr","locations":[{"start":{"line":21,"column":28},"end":{"line":21,"column":32}},{"start":{"line":22,"column":10},"end":{"line":24,"column":16}}],"line":21}},"s":{"0":1,"1":4,"2":4,"3":1,"4":1},"f":{"0":4,"1":1},"b":{"0":[4,0],"1":[0,4]},"_coverageSchema":"1a1c01bbd47fc00a2c39e90264f33305004495a9","hash":"aec96e000c2b9fa893309dc461917f5067c59263"}
,"C:\\Development\\phincon\\bootcamp\\week5\\adam\\client\\Phincon-goTalent-Frontend\\src\\components\\PopupMessage\\Dialog.jsx": {"path":"C:\\Development\\phincon\\bootcamp\\week5\\adam\\client\\Phincon-goTalent-Frontend\\src\\components\\PopupMessage\\Dialog.jsx","statementMap":{"0":{"start":{"line":9,"column":21},"end":{"line":23,"column":1}},"1":{"start":{"line":10,"column":2},"end":{"line":22,"column":4}},"2":{"start":{"line":25,"column":0},"end":{"line":30,"column":2}}},"fnMap":{"0":{"name":"(anonymous_0)","decl":{"start":{"line":9,"column":21},"end":{"line":9,"column":22}},"loc":{"start":{"line":9,"column":60},"end":{"line":23,"column":1}},"line":9}},"branchMap":{"0":{"loc":{"start":{"line":13,"column":30},"end":{"line":13,"column":62}},"type":"binary-expr","locations":[{"start":{"line":13,"column":30},"end":{"line":13,"column":35}},{"start":{"line":13,"column":39},"end":{"line":13,"column":62}}],"line":13},"1":{"loc":{"start":{"line":16,"column":30},"end":{"line":16,"column":66}},"type":"binary-expr","locations":[{"start":{"line":16,"column":30},"end":{"line":16,"column":37}},{"start":{"line":16,"column":41},"end":{"line":16,"column":66}}],"line":16}},"s":{"0":1,"1":3,"2":1},"f":{"0":3},"b":{"0":[3,0],"1":[3,0]},"_coverageSchema":"1a1c01bbd47fc00a2c39e90264f33305004495a9","hash":"a95b20adea66f3be91fac21312f4ebf11078111b"}
,"C:\\Development\\phincon\\bootcamp\\week5\\adam\\client\\Phincon-goTalent-Frontend\\src\\containers\\Language\\constants.js": {"path":"C:\\Development\\phincon\\bootcamp\\week5\\adam\\client\\Phincon-goTalent-Frontend\\src\\containers\\Language\\constants.js","statementMap":{"0":{"start":{"line":1,"column":28},"end":{"line":1,"column":51}},"1":{"start":{"line":2,"column":30},"end":{"line":2,"column":34}}},"fnMap":{},"branchMap":{},"s":{"0":2,"1":2},"f":{},"b":{},"_coverageSchema":"1a1c01bbd47fc00a2c39e90264f33305004495a9","hash":"ab5b961dec6ee3bae585d402336cd1997802bd8f"}
,"C:\\Development\\phincon\\bootcamp\\week5\\adam\\client\\Phincon-goTalent-Frontend\\src\\utils\\request.js": {"path":"C:\\Development\\phincon\\bootcamp\\week5\\adam\\client\\Phincon-goTalent-Frontend\\src\\utils\\request.js","statementMap":{"0":{"start":{"line":5,"column":0},"end":{"line":12,"column":3}},"1":{"start":{"line":6,"column":16},"end":{"line":6,"column":32}},"2":{"start":{"line":7,"column":20},"end":{"line":7,"column":32}},"3":{"start":{"line":8,"column":2},"end":{"line":10,"column":3}},"4":{"start":{"line":9,"column":4},"end":{"line":9,"column":56}},"5":{"start":{"line":11,"column":2},"end":{"line":11,"column":19}},"6":{"start":{"line":14,"column":0},"end":{"line":17,"column":2}},"7":{"start":{"line":15,"column":16},"end":{"line":15,"column":24}},"8":{"start":{"line":16,"column":13},"end":{"line":16,"column":34}},"9":{"start":{"line":19,"column":16},"end":{"line":19,"column":43}},"10":{"start":{"line":19,"column":29},"end":{"line":19,"column":43}}},"fnMap":{"0":{"name":"(anonymous_0)","decl":{"start":{"line":5,"column":31},"end":{"line":5,"column":32}},"loc":{"start":{"line":5,"column":46},"end":{"line":12,"column":1}},"line":5},"1":{"name":"(anonymous_1)","decl":{"start":{"line":15,"column":2},"end":{"line":15,"column":3}},"loc":{"start":{"line":15,"column":16},"end":{"line":15,"column":24}},"line":15},"2":{"name":"(anonymous_2)","decl":{"start":{"line":16,"column":2},"end":{"line":16,"column":3}},"loc":{"start":{"line":16,"column":13},"end":{"line":16,"column":34}},"line":16},"3":{"name":"(anonymous_3)","decl":{"start":{"line":19,"column":16},"end":{"line":19,"column":17}},"loc":{"start":{"line":19,"column":29},"end":{"line":19,"column":43}},"line":19}},"branchMap":{"0":{"loc":{"start":{"line":8,"column":2},"end":{"line":10,"column":3}},"type":"if","locations":[{"start":{"line":8,"column":2},"end":{"line":10,"column":3}},{"start":{},"end":{}}],"line":8}},"s":{"0":2,"1":0,"2":0,"3":0,"4":0,"5":0,"6":2,"7":0,"8":0,"9":2,"10":0},"f":{"0":0,"1":0,"2":0,"3":0},"b":{"0":[0,0]},"_coverageSchema":"1a1c01bbd47fc00a2c39e90264f33305004495a9","hash":"5509f293fe639ffb5bca1993107bf08ac4dde4cf"}
,"C:\\Development\\phincon\\bootcamp\\week5\\adam\\client\\Phincon-goTalent-Frontend\\src\\utils\\testHelper.js": {"path":"C:\\Development\\phincon\\bootcamp\\week5\\adam\\client\\Phincon-goTalent-Frontend\\src\\utils\\testHelper.js","statementMap":{"0":{"start":{"line":13,"column":17},"end":{"line":16,"column":1}},"1":{"start":{"line":18,"column":20},"end":{"line":24,"column":1}},"2":{"start":{"line":19,"column":2},"end":{"line":23,"column":13}},"3":{"start":{"line":26,"column":0},"end":{"line":28,"column":2}},"4":{"start":{"line":30,"column":21},"end":{"line":30,"column":86}},"5":{"start":{"line":30,"column":38},"end":{"line":30,"column":86}},"6":{"start":{"line":32,"column":13},"end":{"line":32,"column":82}},"7":{"start":{"line":32,"column":23},"end":{"line":32,"column":82}},"8":{"start":{"line":32,"column":48},"end":{"line":32,"column":81}},"9":{"start":{"line":32,"column":65},"end":{"line":32,"column":74}}},"fnMap":{"0":{"name":"(anonymous_0)","decl":{"start":{"line":18,"column":20},"end":{"line":18,"column":21}},"loc":{"start":{"line":19,"column":2},"end":{"line":23,"column":13}},"line":19},"1":{"name":"(anonymous_1)","decl":{"start":{"line":30,"column":21},"end":{"line":30,"column":22}},"loc":{"start":{"line":30,"column":38},"end":{"line":30,"column":86}},"line":30},"2":{"name":"(anonymous_2)","decl":{"start":{"line":32,"column":13},"end":{"line":32,"column":14}},"loc":{"start":{"line":32,"column":23},"end":{"line":32,"column":82}},"line":32},"3":{"name":"(anonymous_3)","decl":{"start":{"line":32,"column":35},"end":{"line":32,"column":36}},"loc":{"start":{"line":32,"column":48},"end":{"line":32,"column":81}},"line":32},"4":{"name":"(anonymous_4)","decl":{"start":{"line":32,"column":59},"end":{"line":32,"column":60}},"loc":{"start":{"line":32,"column":65},"end":{"line":32,"column":74}},"line":32}},"branchMap":{},"s":{"0":2,"1":2,"2":7,"3":2,"4":2,"5":7,"6":2,"7":0,"8":0,"9":0},"f":{"0":7,"1":7,"2":0,"3":0,"4":0},"b":{},"_coverageSchema":"1a1c01bbd47fc00a2c39e90264f33305004495a9","hash":"69dfb0687ab481fdd6fbd3e428c32740946787f1"}
}
